0 info it worked if it ends with ok
1 verbose cli [ '/usr/local/bin/node', '/usr/local/bin/npm', 'publish' ]
2 info using npm@1.4.9
3 info using node@v0.10.28
4 verbose publish [ '.' ]
5 error Failed to parse json
5 error Unexpected token i
6 error File: /Users/tagon8/Workspaces/Hue42/slush-nodewebkit/package.json
7 error Failed to parse package.json data.
7 error package.json must be actual JSON, not just JavaScript.
7 error
7 error This is not a bug in npm.
7 error Tell the package author to fix their package.json file. JSON.parse
8 error System Darwin 14.0.0
9 error command "/usr/local/bin/node" "/usr/local/bin/npm" "publish"
10 error cwd /Users/tagon8/Workspaces/Hue42/slush-nodewebkit
11 error node -v v0.10.28
12 error npm -v 1.4.9
13 error file /Users/tagon8/Workspaces/Hue42/slush-nodewebkit/package.json
14 error code EJSONPARSE
15 verbose exit [ 1, true ]
